<?xml version="1.0" encoding="UTF-8"?>
<!-- Generated by org.testng.reporters.JUnitXMLReporter -->
<testsuite hostname="DESKTOP-B0O3T20" ignored="0" name="AutomationChromeTest" tests="4" failures="1" timestamp="28 Jul 2020 15:19:30 GMT" time="78.619" errors="0">
  <testcase name="AdditionTest" time="0.328" classname="TestAuto.TechAutoTest"/>
  <testcase name="SubractionTest" time="0.047" classname="TestAuto.TechAutoTest">
    <failure type="java.lang.AssertionError" message="The following asserts failed:
	Not as Expected expected [true] but found [false]">
      <![CDATA[java.lang.AssertionError: The following asserts failed:
	Not as Expected expected [true] but found [false]
	at TestAuto.TechAutoTest.SubractionTest(TechAutoTest.java:51)
	at java.util.concurrent.ThreadPoolExecutor.runWorker(ThreadPoolExecutor.java:1149)
	at java.util.concurrent.ThreadPoolExecutor$Worker.run(ThreadPoolExecutor.java:624)
	at java.lang.Thread.run(Thread.java:748)
... Removed 11 stack frames]]>
    </failure>
  </testcase> <!-- SubractionTest -->
  <testcase name="TableDataforTest" time="15.952" classname="TestAuto.LoginPageTest"/>
  <testcase name="TestOracleWebPage" time="7.867" classname="TestAuto.LoginPageTest"/>
</testsuite> <!-- AutomationChromeTest -->
