<?xml version="1.0" encoding="UTF-8"?>
<!-- Generated by org.testng.reporters.JUnitXMLReporter -->
<testsuite hostname="DESKTOP-B0O3T20" ignored="0" name="Test" tests="4" failures="1" timestamp="03 Jul 2020 07:11:44 GMT" time="67.147" errors="0">
  <testcase name="AdditionTest" time="1.368" classname="TestAuto.TechAutoTest"/>
  <testcase name="SubractionTest" time="0.013" classname="TestAuto.TechAutoTest">
    <failure type="java.lang.AssertionError" message="The following asserts failed:
	Not as Expected expected [true] but found [false]">
      <![CDATA[java.lang.AssertionError: The following asserts failed:
	Not as Expected expected [true] but found [false]
	at TestAuto.TechAutoTest.SubractionTest(TechAutoTest.java:51)
... Removed 26 stack frames]]>
    </failure>
  </testcase> <!-- SubractionTest -->
  <testcase name="TestOracleWebPage" time="7.279" classname="TestAuto.LoginPageTest"/>
  <testcase name="TableDataforTest" time="0.067" classname="TestAuto.LoginPageTest"/>
</testsuite> <!-- Test -->
