<?xml version="1.0" encoding="UTF-8"?>
<!-- Generated by org.testng.reporters.JUnitXMLReporter -->
<testsuite hostname="DESKTOP-B0O3T20" ignored="1" name="Test(failed)" tests="1" failures="1" timestamp="28 Jul 2020 15:11:12 GMT" time="20.389" errors="0">
  <testcase name="SubractionTest" time="1.147" classname="TestAuto.TechAutoTest">
    <failure type="java.lang.AssertionError" message="The following asserts failed:
	Not as Expected expected [true] but found [false]">
      <![CDATA[java.lang.AssertionError: The following asserts failed:
	Not as Expected expected [true] but found [false]
	at TestAuto.TechAutoTest.SubractionTest(TechAutoTest.java:51)
... Removed 26 stack frames]]>
    </failure>
  </testcase> <!-- SubractionTest -->
  <testcase name="AdditionTest" time="0.0" classname="TestAuto.TechAutoTest">
    <ignored/>
  </testcase> <!-- AdditionTest -->
</testsuite> <!-- Test(failed) -->
